01:11:18.101 [AsyncHttpClient-1-2] DEBUG io.netty.buffer.AbstractByteBuf - -Dio.netty.buffer.checkAccessible: true
01:11:18.106 [AsyncHttpClient-1-2] DEBUG io.netty.buffer.AbstractByteBuf - -Dio.netty.buffer.checkBounds: true
01:11:18.106 [AsyncHttpClient-1-2] DEBUG io.netty.util.ResourceLeakDetectorFactory - Loaded default ResourceLeakDetector: io.netty.util.ResourceLeakDetector@4782f0d4
01:11:18.140 [AsyncHttpClient-1-2] DEBUG io.netty.util.Recycler - -Dio.netty.recycler.maxCapacityPerThread: 4096
01:11:18.140 [AsyncHttpClient-1-2] DEBUG io.netty.util.Recycler - -Dio.netty.recycler.ratio: 8
01:11:18.141 [AsyncHttpClient-1-2] DEBUG io.netty.util.Recycler - -Dio.netty.recycler.chunkSize: 32
01:11:18.141 [AsyncHttpClient-1-2] DEBUG io.netty.util.Recycler - -Dio.netty.recycler.blocking: false
01:11:18.141 [AsyncHttpClient-1-2] DEBUG io.netty.util.Recycler - -Dio.netty.recycler.batchFastThreadLocalOnly: true
01:11:18.945 [AsyncHttpClient-1-2] DEBUG io.netty.handler.codec.compression.Brotli - brotli4j not in the classpath; Brotli support will be unavailable.
01:11:19.102 [main] DEBUG io.netty.util.internal.ThreadLocalRandom - -Dio.netty.initialSeedUniquifier: 0x72e788ca32dcf584
01:11:21.347 [main] DEBUG testCases.TC_001_AccountRegistrationTest - application logs
01:11:21.347 [main] INFO  testCases.TC_001_AccountRegistrationTest - Starting ******* TC_001_AccountRegistrationTest *******
01:11:21.374 [main] INFO  testCases.TC_001_AccountRegistrationTest - Test Fail
01:11:56.850 [main] DEBUG io.netty.util.internal.logging.InternalLoggerFactory - Using Log4J2 as the default logging framework
01:11:56.886 [main] DEBUG io.netty.util.ResourceLeakDetector - -Dio.netty.leakDetection.level: simple
01:11:56.887 [main] DEBUG io.netty.util.ResourceLeakDetector - -Dio.netty.leakDetection.targetRecords: 4
01:11:56.894 [main] DEBUG io.netty.util.ResourceLeakDetectorFactory - Loaded default ResourceLeakDetector: io.netty.util.ResourceLeakDetector@1286528d
01:11:56.922 [main] DEBUG io.netty.util.internal.PlatformDependent0 - -Dio.netty.noUnsafe: false
01:11:56.922 [main] DEBUG io.netty.util.internal.PlatformDependent0 - Java version: 17
01:11:56.923 [main] DEBUG io.netty.util.internal.PlatformDependent0 - sun.misc.Unsafe.theUnsafe: available
01:11:56.924 [main] DEBUG io.netty.util.internal.PlatformDependent0 - sun.misc.Unsafe.copyMemory: available
01:11:56.924 [main] DEBUG io.netty.util.internal.PlatformDependent0 - sun.misc.Unsafe.storeFence: available
01:11:56.925 [main] DEBUG io.netty.util.internal.PlatformDependent0 - java.nio.Buffer.address: available
01:11:56.926 [main] DEBUG io.netty.util.internal.PlatformDependent0 - direct buffer constructor: unavailable: Reflective setAccessible(true) disabled
01:11:56.927 [main] DEBUG io.netty.util.internal.PlatformDependent0 - java.nio.Bits.unaligned: available, true
01:11:56.929 [main] DEBUG io.netty.util.internal.PlatformDependent0 - jdk.internal.misc.Unsafe.allocateUninitializedArray(int): unavailable: class io.netty.util.internal.PlatformDependent0$7 cannot access class jdk.internal.misc.Unsafe (in module java.base) because module java.base does not export jdk.internal.misc to unnamed module @2096442d
01:11:56.930 [main] DEBUG io.netty.util.internal.PlatformDependent0 - java.nio.DirectByteBuffer.<init>(long, int): unavailable
01:11:56.930 [main] DEBUG io.netty.util.internal.PlatformDependent - sun.misc.Unsafe: available
01:11:56.931 [main] DEBUG io.netty.util.internal.PlatformDependent - maxDirectMemory: 1983905792 bytes (maybe)
01:11:56.931 [main] DEBUG io.netty.util.internal.PlatformDependent - -Dio.netty.tmpdir: C:\Users\tushk\AppData\Local\Temp (java.io.tmpdir)
01:11:56.931 [main] DEBUG io.netty.util.internal.PlatformDependent - -Dio.netty.bitMode: 64 (sun.arch.data.model)
01:11:56.932 [main] DEBUG io.netty.util.internal.PlatformDependent - Platform: Windows
01:11:56.933 [main] DEBUG io.netty.util.internal.PlatformDependent - -Dio.netty.maxDirectMemory: -1 bytes
01:11:56.934 [main] DEBUG io.netty.util.internal.PlatformDependent - -Dio.netty.uninitializedArrayAllocationThreshold: -1
01:11:56.935 [main] DEBUG io.netty.util.internal.CleanerJava9 - java.nio.ByteBuffer.cleaner(): available
01:11:56.935 [main] DEBUG io.netty.util.internal.PlatformDependent - -Dio.netty.noPreferDirect: false
01:11:56.944 [main] DEBUG io.netty.util.internal.PlatformDependent - org.jctools-core.MpscChunkedArrayQueue: available
01:11:56.970 [main] DEBUG io.netty.util.internal.InternalThreadLocalMap - -Dio.netty.threadLocalMap.stringBuilder.initialSize: 1024
01:11:56.971 [main] DEBUG io.netty.util.internal.InternalThreadLocalMap - -Dio.netty.threadLocalMap.stringBuilder.maxSize: 4096
01:11:57.228 [main] DEBUG io.netty.handler.ssl.JdkSslContext - Default protocols (JDK): [TLSv1.3, TLSv1.2] 
01:11:57.229 [main] DEBUG io.netty.handler.ssl.JdkSslContext - Default cipher suites (JDK): [TLS_ECDHE_ECDSA_WITH_AES_256_GCM_SHA384, TLS_ECDHE_ECDSA_WITH_AES_128_GCM_SHA256, TLS_ECDHE_RSA_WITH_AES_128_GCM_SHA256, TLS_ECDHE_RSA_WITH_AES_256_GCM_SHA384, TLS_ECDHE_RSA_WITH_AES_128_CBC_SHA, TLS_ECDHE_RSA_WITH_AES_256_CBC_SHA, TLS_RSA_WITH_AES_128_GCM_SHA256, TLS_RSA_WITH_AES_128_CBC_SHA, TLS_RSA_WITH_AES_256_CBC_SHA, TLS_AES_128_GCM_SHA256, TLS_AES_256_GCM_SHA384]
01:11:57.243 [main] DEBUG io.netty.util.concurrent.GlobalEventExecutor - -Dio.netty.globalEventExecutor.quietPeriodSeconds: 1
01:11:57.260 [main] DEBUG io.netty.channel.MultithreadEventLoopGroup - -Dio.netty.eventLoopThreads: 12
01:11:57.273 [main] DEBUG io.netty.channel.nio.NioEventLoop - -Dio.netty.noKeySetOptimization: false
01:11:57.274 [main] DEBUG io.netty.channel.nio.NioEventLoop - -Dio.netty.selectorAutoRebuildThreshold: 512
01:11:57.333 [main] DEBUG io.netty.buffer.PooledByteBufAllocator - -Dio.netty.allocator.numHeapArenas: 12
01:11:57.333 [main] DEBUG io.netty.buffer.PooledByteBufAllocator - -Dio.netty.allocator.numDirectArenas: 12
01:11:57.333 [main] DEBUG io.netty.buffer.PooledByteBufAllocator - -Dio.netty.allocator.pageSize: 8192
01:11:57.333 [main] DEBUG io.netty.buffer.PooledByteBufAllocator - -Dio.netty.allocator.maxOrder: 9
01:11:57.333 [main] DEBUG io.netty.buffer.PooledByteBufAllocator - -Dio.netty.allocator.chunkSize: 4194304
01:11:57.333 [main] DEBUG io.netty.buffer.PooledByteBufAllocator - -Dio.netty.allocator.smallCacheSize: 256
01:11:57.334 [main] DEBUG io.netty.buffer.PooledByteBufAllocator - -Dio.netty.allocator.normalCacheSize: 64
01:11:57.334 [main] DEBUG io.netty.buffer.PooledByteBufAllocator - -Dio.netty.allocator.maxCachedBufferCapacity: 32768
01:11:57.334 [main] DEBUG io.netty.buffer.PooledByteBufAllocator - -Dio.netty.allocator.cacheTrimInterval: 8192
01:11:57.334 [main] DEBUG io.netty.buffer.PooledByteBufAllocator - -Dio.netty.allocator.cacheTrimIntervalMillis: 0
01:11:57.334 [main] DEBUG io.netty.buffer.PooledByteBufAllocator - -Dio.netty.allocator.useCacheForAllThreads: false
01:11:57.334 [main] DEBUG io.netty.buffer.PooledByteBufAllocator - -Dio.netty.allocator.maxCachedByteBuffersPerChunk: 1023
01:11:57.348 [main] DEBUG io.netty.buffer.ByteBufUtil - -Dio.netty.allocator.type: pooled
01:11:57.348 [main] DEBUG io.netty.buffer.ByteBufUtil - -Dio.netty.threadLocalDirectBufferSize: 0
01:11:57.349 [main] DEBUG io.netty.buffer.ByteBufUtil - -Dio.netty.maxThreadLocalCharBufferSize: 16384
01:11:57.677 [Forwarding newSession on session null to remote] DEBUG io.netty.channel.DefaultChannelId - -Dio.netty.processId: 17852 (auto-detected)
01:11:57.680 [Forwarding newSession on session null to remote] DEBUG io.netty.util.NetUtil - -Djava.net.preferIPv4Stack: false
01:11:57.680 [Forwarding newSession on session null to remote] DEBUG io.netty.util.NetUtil - -Djava.net.preferIPv6Addresses: false
01:11:57.690 [Forwarding newSession on session null to remote] DEBUG io.netty.util.NetUtilInitializations - Loopback interface: lo (Software Loopback Interface 1, 127.0.0.1)
01:11:57.691 [Forwarding newSession on session null to remote] DEBUG io.netty.util.NetUtil - Failed to get SOMAXCONN from sysctl and file \proc\sys\net\core\somaxconn. Default: 200
01:11:57.708 [Forwarding newSession on session null to remote] DEBUG io.netty.channel.DefaultChannelId - -Dio.netty.machineId: 20:4e:f6:ff:fe:87:5d:83 (auto-detected)
01:11:57.763 [AsyncHttpClient-1-2] DEBUG io.netty.buffer.AbstractByteBuf - -Dio.netty.buffer.checkAccessible: true
01:11:57.764 [AsyncHttpClient-1-2] DEBUG io.netty.buffer.AbstractByteBuf - -Dio.netty.buffer.checkBounds: true
01:11:57.764 [AsyncHttpClient-1-2] DEBUG io.netty.util.ResourceLeakDetectorFactory - Loaded default ResourceLeakDetector: io.netty.util.ResourceLeakDetector@41572e73
01:11:57.794 [AsyncHttpClient-1-2] DEBUG io.netty.util.Recycler - -Dio.netty.recycler.maxCapacityPerThread: 4096
01:11:57.794 [AsyncHttpClient-1-2] DEBUG io.netty.util.Recycler - -Dio.netty.recycler.ratio: 8
01:11:57.794 [AsyncHttpClient-1-2] DEBUG io.netty.util.Recycler - -Dio.netty.recycler.chunkSize: 32
01:11:57.794 [AsyncHttpClient-1-2] DEBUG io.netty.util.Recycler - -Dio.netty.recycler.blocking: false
01:11:57.794 [AsyncHttpClient-1-2] DEBUG io.netty.util.Recycler - -Dio.netty.recycler.batchFastThreadLocalOnly: true
01:11:58.529 [AsyncHttpClient-1-2] DEBUG io.netty.handler.codec.compression.Brotli - brotli4j not in the classpath; Brotli support will be unavailable.
01:11:58.654 [main] DEBUG io.netty.util.internal.ThreadLocalRandom - -Dio.netty.initialSeedUniquifier: 0xb7925e496fd6779e
01:12:00.856 [main] DEBUG testCases.TC_001_AccountRegistrationTest - application logs
01:12:00.857 [main] INFO  testCases.TC_001_AccountRegistrationTest - Starting ******* TC_001_AccountRegistrationTest *******
01:12:00.913 [main] INFO  testCases.TC_001_AccountRegistrationTest - Test Fail
01:12:52.588 [main] INFO  testCases.TC_001_AccountRegistrationTest - Starting ******* TC_001_AccountRegistrationTest *******
01:12:52.613 [main] INFO  testCases.TC_001_AccountRegistrationTest - Test Fail
01:14:16.497 [main] INFO  testCases.TC_001_AccountRegistrationTest - Starting ******* TC_001_AccountRegistrationTest *******
01:14:16.526 [main] INFO  testCases.TC_001_AccountRegistrationTest - Test Fail
01:15:17.680 [main] INFO  testCases.TC_001_AccountRegistrationTest - Starting ******* TC_001_AccountRegistrationTest *******
01:15:17.711 [main] INFO  testCases.TC_001_AccountRegistrationTest - Test Fail
01:16:05.719 [main] INFO  testCases.TC_001_AccountRegistrationTest - Starting ******* TC_001_AccountRegistrationTest *******
01:16:05.749 [main] INFO  testCases.TC_001_AccountRegistrationTest - Test Fail
01:18:09.491 [main] INFO  testCases.TC_001_AccountRegistrationTest - Starting ******* TC_001_AccountRegistrationTest *******
01:18:09.522 [main] INFO  testCases.TC_001_AccountRegistrationTest - Test Fail
01:30:36.219 [main] INFO  testCases.TC_001_AccountRegistrationTest - Starting ******* TC_001_AccountRegistrationTest *******
02:16:09.417 [main] INFO  testCases.TC_001_AccountRegistrationTest - Starting ******* TC_001_AccountRegistrationTest *******
02:17:46.870 [main] INFO  testCases.TC_001_AccountRegistrationTest - Starting ******* TC_001_AccountRegistrationTest *******
03:41:28.935 [main] INFO  testCases.TC_001_AccountRegistrationTest - Starting ******* TC_001_AccountRegistrationTest *******
03:41:29.085 [main] INFO  testCases.TC_001_AccountRegistrationTest - Clicked on MyAccount
03:41:29.913 [main] INFO  testCases.TC_001_AccountRegistrationTest - Clicked on Register
03:41:29.915 [main] INFO  testCases.TC_001_AccountRegistrationTest - Providing customer data
03:41:30.689 [main] INFO  testCases.TC_001_AccountRegistrationTest - Clicked on continue
03:41:30.727 [main] INFO  testCases.TC_001_AccountRegistrationTest - Validating expected message
03:41:52.514 [TestNG-tests-1] INFO  testCases.TC_001_AccountRegistrationTest - Starting ******* TC_001_AccountRegistrationTest *******
03:41:52.515 [TestNG-tests-2] INFO  testCases.TC_001_AccountRegistrationTest - Starting ******* TC_001_AccountRegistrationTest *******
03:41:53.210 [TestNG-tests-2] INFO  testCases.TC_001_AccountRegistrationTest - Clicked on MyAccount
03:41:53.214 [TestNG-tests-1] INFO  testCases.TC_001_AccountRegistrationTest - Clicked on MyAccount
03:41:53.789 [TestNG-tests-2] INFO  testCases.TC_001_AccountRegistrationTest - Clicked on Register
03:41:53.791 [TestNG-tests-2] INFO  testCases.TC_001_AccountRegistrationTest - Providing customer data
03:41:54.089 [TestNG-tests-1] INFO  testCases.TC_001_AccountRegistrationTest - Clicked on Register
03:41:54.090 [TestNG-tests-1] INFO  testCases.TC_001_AccountRegistrationTest - Providing customer data
03:41:54.753 [TestNG-tests-2] INFO  testCases.TC_001_AccountRegistrationTest - Clicked on continue
03:41:54.821 [TestNG-tests-2] INFO  testCases.TC_001_AccountRegistrationTest - Validating expected message
03:41:54.991 [TestNG-tests-3] INFO  testCases.TC_001_AccountRegistrationTest - Starting ******* TC_001_AccountRegistrationTest *******
03:41:55.126 [TestNG-tests-1] INFO  testCases.TC_001_AccountRegistrationTest - Clicked on continue
03:41:55.158 [TestNG-tests-1] INFO  testCases.TC_001_AccountRegistrationTest - Validating expected message
03:41:55.280 [TestNG-tests-3] INFO  testCases.TC_001_AccountRegistrationTest - Clicked on MyAccount
03:41:55.783 [TestNG-tests-3] INFO  testCases.TC_001_AccountRegistrationTest - Clicked on Register
03:41:55.797 [TestNG-tests-3] INFO  testCases.TC_001_AccountRegistrationTest - Providing customer data
03:41:55.958 [TestNG-tests-3] INFO  testCases.TC_001_AccountRegistrationTest - Clicked on continue
03:41:55.987 [TestNG-tests-3] INFO  testCases.TC_001_AccountRegistrationTest - Validating expected message
03:47:36.609 [TestNG-tests-1] INFO  testCases.TC_001_AccountRegistrationTest - Starting ******* TC_001_AccountRegistrationTest *******
03:47:37.021 [TestNG-tests-1] INFO  testCases.TC_001_AccountRegistrationTest - Clicked on MyAccount
03:47:37.502 [TestNG-tests-2] INFO  testCases.TC_001_AccountRegistrationTest - Starting ******* TC_001_AccountRegistrationTest *******
03:47:37.953 [TestNG-tests-2] INFO  testCases.TC_001_AccountRegistrationTest - Clicked on MyAccount
03:47:38.150 [TestNG-tests-1] INFO  testCases.TC_001_AccountRegistrationTest - Clicked on Register
03:47:38.159 [TestNG-tests-1] INFO  testCases.TC_001_AccountRegistrationTest - Providing customer data
03:47:38.705 [TestNG-tests-2] INFO  testCases.TC_001_AccountRegistrationTest - Clicked on Register
03:47:38.707 [TestNG-tests-2] INFO  testCases.TC_001_AccountRegistrationTest - Providing customer data
03:47:39.016 [TestNG-tests-1] INFO  testCases.TC_001_AccountRegistrationTest - Clicked on continue
03:47:39.045 [TestNG-tests-1] INFO  testCases.TC_001_AccountRegistrationTest - Validating expected message
03:47:39.379 [TestNG-tests-2] INFO  testCases.TC_001_AccountRegistrationTest - Clicked on continue
03:47:39.404 [TestNG-tests-2] INFO  testCases.TC_001_AccountRegistrationTest - Validating expected message
03:47:39.942 [TestNG-tests-3] INFO  testCases.TC_001_AccountRegistrationTest - Starting ******* TC_001_AccountRegistrationTest *******
03:47:40.192 [TestNG-tests-3] INFO  testCases.TC_001_AccountRegistrationTest - Clicked on MyAccount
03:47:41.026 [TestNG-tests-3] INFO  testCases.TC_001_AccountRegistrationTest - Clicked on Register
03:47:41.029 [TestNG-tests-3] INFO  testCases.TC_001_AccountRegistrationTest - Providing customer data
03:47:41.293 [TestNG-tests-3] INFO  testCases.TC_001_AccountRegistrationTest - Clicked on continue
03:47:41.337 [TestNG-tests-3] INFO  testCases.TC_001_AccountRegistrationTest - Validating expected message
04:06:34.776 [main] INFO  testCases.TC_001_AccountRegistrationTest - Starting ******* TC_001_AccountRegistrationTest *******
04:06:34.925 [main] INFO  testCases.TC_001_AccountRegistrationTest - Clicked on MyAccount
04:06:35.556 [main] INFO  testCases.TC_001_AccountRegistrationTest - Clicked on Register
04:06:35.558 [main] INFO  testCases.TC_001_AccountRegistrationTest - Providing customer data
04:06:36.584 [main] INFO  testCases.TC_001_AccountRegistrationTest - Clicked on continue
04:06:36.631 [main] INFO  testCases.TC_001_AccountRegistrationTest - Validating expected message
06:15:21.009 [main] INFO  testCases.TC_001_AccountRegistrationTest - ***  Starting TC_001_AccountRegistrationTest ***
06:15:21.097 [main] INFO  testCases.TC_001_AccountRegistrationTest - Clicked on My account link
06:15:22.065 [main] INFO  testCases.TC_001_AccountRegistrationTest - Clicked on register link
06:15:22.069 [main] INFO  testCases.TC_001_AccountRegistrationTest - Providing customer data
06:15:23.530 [main] ERROR testCases.TC_001_AccountRegistrationTest - test failed
06:19:15.886 [main] INFO  testCases.TC_001_AccountRegistrationTest - ***  Starting TC_001_AccountRegistrationTest ***
06:19:16.016 [main] INFO  testCases.TC_001_AccountRegistrationTest - Clicked on My account link
06:19:16.745 [main] INFO  testCases.TC_001_AccountRegistrationTest - Clicked on register link
06:19:16.748 [main] INFO  testCases.TC_001_AccountRegistrationTest - Providing customer data
06:19:18.134 [main] ERROR testCases.TC_001_AccountRegistrationTest - test failed
06:20:29.039 [main] INFO  testCases.TC_001_AccountRegistrationTest - ***  Starting TC_001_AccountRegistrationTest ***
06:20:29.158 [main] INFO  testCases.TC_001_AccountRegistrationTest - Clicked on My account link
06:20:29.923 [main] INFO  testCases.TC_001_AccountRegistrationTest - Clicked on register link
06:20:29.925 [main] INFO  testCases.TC_001_AccountRegistrationTest - Providing customer data
06:20:31.519 [main] ERROR testCases.TC_001_AccountRegistrationTest - test failed
06:20:56.459 [main] INFO  testCases.TC_001_AccountRegistrationTest - ***  Starting TC_001_AccountRegistrationTest ***
06:20:56.544 [main] INFO  testCases.TC_001_AccountRegistrationTest - Clicked on My account link
06:20:57.141 [main] INFO  testCases.TC_001_AccountRegistrationTest - Clicked on register link
06:20:57.143 [main] INFO  testCases.TC_001_AccountRegistrationTest - Providing customer data
06:20:58.655 [main] ERROR testCases.TC_001_AccountRegistrationTest - test failed
06:21:28.774 [main] INFO  testCases.TC_001_AccountRegistrationTest - ***  Starting TC_001_AccountRegistrationTest ***
06:21:28.877 [main] INFO  testCases.TC_001_AccountRegistrationTest - Clicked on My account link
06:21:29.616 [main] INFO  testCases.TC_001_AccountRegistrationTest - Clicked on register link
06:21:29.618 [main] INFO  testCases.TC_001_AccountRegistrationTest - Providing customer data
06:21:31.076 [main] ERROR testCases.TC_001_AccountRegistrationTest - test failed
06:22:18.632 [main] INFO  testCases.TC_001_AccountRegistrationTest - ***  Starting TC_001_AccountRegistrationTest ***
06:22:18.729 [main] INFO  testCases.TC_001_AccountRegistrationTest - Clicked on My account link
06:22:19.174 [main] INFO  testCases.TC_001_AccountRegistrationTest - Clicked on register link
06:22:19.175 [main] INFO  testCases.TC_001_AccountRegistrationTest - Providing customer data
06:22:20.634 [main] ERROR testCases.TC_001_AccountRegistrationTest - test failed
06:23:32.896 [main] INFO  testCases.TC_001_AccountRegistrationTest - ***  Starting TC_001_AccountRegistrationTest ***
06:23:33.004 [main] INFO  testCases.TC_001_AccountRegistrationTest - Clicked on My account link
06:23:33.496 [main] INFO  testCases.TC_001_AccountRegistrationTest - Clicked on register link
06:23:33.498 [main] INFO  testCases.TC_001_AccountRegistrationTest - Providing customer data
06:23:35.080 [main] ERROR testCases.TC_001_AccountRegistrationTest - test failed
15:56:18.923 [main] INFO  testCases.TC_001_AccountRegistrationTest - ***  Starting TC_001_AccountRegistrationTest ***
15:56:19.069 [main] INFO  testCases.TC_001_AccountRegistrationTest - Clicked on My account link
15:56:19.672 [main] INFO  testCases.TC_001_AccountRegistrationTest - Clicked on register link
15:56:19.682 [main] INFO  testCases.TC_001_AccountRegistrationTest - Providing customer data
15:56:21.450 [main] ERROR testCases.TC_001_AccountRegistrationTest - test failed
15:58:23.840 [main] INFO  testCases.TC_001_AccountRegistrationTest - ***  Starting TC_001_AccountRegistrationTest ***
15:58:24.010 [main] INFO  testCases.TC_001_AccountRegistrationTest - Clicked on My account link
15:58:24.959 [main] INFO  testCases.TC_001_AccountRegistrationTest - Clicked on register link
15:58:24.963 [main] INFO  testCases.TC_001_AccountRegistrationTest - Providing customer data
15:58:26.684 [main] ERROR testCases.TC_001_AccountRegistrationTest - test failed
16:44:31.247 [main] INFO  testCases.TC_001_AccountRegistrationTest - ***  Starting TC_001_AccountRegistrationTest ***
16:44:31.364 [main] INFO  testCases.TC_001_AccountRegistrationTest - Clicked on My account link
16:44:31.888 [main] INFO  testCases.TC_001_AccountRegistrationTest - Clicked on register link
16:44:31.892 [main] INFO  testCases.TC_001_AccountRegistrationTest - Providing customer data
16:44:33.555 [main] ERROR testCases.TC_001_AccountRegistrationTest - test failed
17:00:36.445 [main] INFO  testCases.TC_001_AccountRegistrationTest - ***  Starting TC_001_AccountRegistrationTest ***
17:00:36.570 [main] INFO  testCases.TC_001_AccountRegistrationTest - Clicked on My account link
17:00:37.003 [main] INFO  testCases.TC_001_AccountRegistrationTest - Clicked on register link
17:00:37.006 [main] INFO  testCases.TC_001_AccountRegistrationTest - Providing customer data
17:00:37.439 [main] ERROR testCases.TC_001_AccountRegistrationTest - test failed
17:02:01.849 [main] INFO  testCases.TC_001_AccountRegistrationTest - ***  Starting TC_001_AccountRegistrationTest ***
17:02:01.957 [main] INFO  testCases.TC_001_AccountRegistrationTest - Clicked on My account link
17:02:02.379 [main] INFO  testCases.TC_001_AccountRegistrationTest - Clicked on register link
17:02:02.381 [main] INFO  testCases.TC_001_AccountRegistrationTest - Providing customer data
17:02:02.818 [main] ERROR testCases.TC_001_AccountRegistrationTest - test failed
17:02:02.818 [main] INFO  testCases.TC_001_AccountRegistrationTest - ***  Finished TC_001_AccountRegistrationTest ***
17:03:11.689 [TestNG-tests-1] INFO  testCases.TC_001_AccountRegistrationTest - ***  Starting TC_001_AccountRegistrationTest ***
17:03:11.847 [TestNG-tests-1] INFO  testCases.TC_001_AccountRegistrationTest - Clicked on My account link
17:03:12.451 [TestNG-tests-1] INFO  testCases.TC_001_AccountRegistrationTest - Clicked on register link
17:03:12.455 [TestNG-tests-1] INFO  testCases.TC_001_AccountRegistrationTest - Providing customer data
17:03:12.873 [TestNG-tests-1] ERROR testCases.TC_001_AccountRegistrationTest - test failed
17:03:12.874 [TestNG-tests-1] INFO  testCases.TC_001_AccountRegistrationTest - ***  Finished TC_001_AccountRegistrationTest ***
17:03:14.468 [TestNG-tests-2] INFO  testCases.TC_001_AccountRegistrationTest - ***  Starting TC_001_AccountRegistrationTest ***
17:03:14.560 [TestNG-tests-2] INFO  testCases.TC_001_AccountRegistrationTest - Clicked on My account link
17:03:15.056 [TestNG-tests-2] INFO  testCases.TC_001_AccountRegistrationTest - Clicked on register link
17:03:15.058 [TestNG-tests-2] INFO  testCases.TC_001_AccountRegistrationTest - Providing customer data
17:03:15.410 [TestNG-tests-2] ERROR testCases.TC_001_AccountRegistrationTest - test failed
17:03:15.410 [TestNG-tests-2] INFO  testCases.TC_001_AccountRegistrationTest - ***  Finished TC_001_AccountRegistrationTest ***
17:03:15.694 [TestNG-tests-3] INFO  testCases.TC_001_AccountRegistrationTest - ***  Starting TC_001_AccountRegistrationTest ***
17:03:18.225 [TestNG-tests-3] ERROR testCases.TC_001_AccountRegistrationTest - test failed
17:03:18.225 [TestNG-tests-3] INFO  testCases.TC_001_AccountRegistrationTest - ***  Finished TC_001_AccountRegistrationTest ***
17:04:04.763 [main] INFO  testCases.TC_001_AccountRegistrationTest - ***  Starting TC_001_AccountRegistrationTest ***
17:04:04.883 [main] INFO  testCases.TC_001_AccountRegistrationTest - Clicked on My account link
17:04:05.277 [main] INFO  testCases.TC_001_AccountRegistrationTest - Clicked on register link
17:04:05.279 [main] INFO  testCases.TC_001_AccountRegistrationTest - Providing customer data
17:04:05.717 [main] ERROR testCases.TC_001_AccountRegistrationTest - test failed
17:04:05.717 [main] INFO  testCases.TC_001_AccountRegistrationTest - ***  Finished TC_001_AccountRegistrationTest ***
17:05:52.750 [main] INFO  testCases.TC_001_AccountRegistrationTest - ***  Starting TC_001_AccountRegistrationTest ***
17:05:52.906 [main] INFO  testCases.TC_001_AccountRegistrationTest - Clicked on My account link
17:05:53.370 [main] INFO  testCases.TC_001_AccountRegistrationTest - Clicked on register link
17:05:53.374 [main] INFO  testCases.TC_001_AccountRegistrationTest - Providing customer data
17:05:55.044 [main] ERROR testCases.TC_001_AccountRegistrationTest - test failed
17:05:55.044 [main] INFO  testCases.TC_001_AccountRegistrationTest - ***  Finished TC_001_AccountRegistrationTest ***
17:06:40.464 [TestNG-tests-1] INFO  testCases.TC_001_AccountRegistrationTest - ***  Starting TC_001_AccountRegistrationTest ***
17:06:41.067 [TestNG-tests-1] INFO  testCases.TC_001_AccountRegistrationTest - Clicked on My account link
17:06:42.087 [TestNG-tests-1] INFO  testCases.TC_001_AccountRegistrationTest - Clicked on register link
17:06:42.093 [TestNG-tests-1] INFO  testCases.TC_001_AccountRegistrationTest - Providing customer data
17:06:42.185 [TestNG-tests-1] ERROR testCases.TC_001_AccountRegistrationTest - test failed
17:06:42.185 [TestNG-tests-1] INFO  testCases.TC_001_AccountRegistrationTest - ***  Finished TC_001_AccountRegistrationTest ***
17:06:42.311 [TestNG-tests-2] INFO  testCases.TC_001_AccountRegistrationTest - ***  Starting TC_001_AccountRegistrationTest ***
17:06:42.509 [TestNG-tests-2] INFO  testCases.TC_001_AccountRegistrationTest - Clicked on My account link
17:06:42.918 [TestNG-tests-2] INFO  testCases.TC_001_AccountRegistrationTest - Clicked on register link
17:06:42.937 [TestNG-tests-2] INFO  testCases.TC_001_AccountRegistrationTest - Providing customer data
17:06:44.175 [TestNG-tests-3] INFO  testCases.TC_001_AccountRegistrationTest - ***  Starting TC_001_AccountRegistrationTest ***
17:06:44.461 [TestNG-tests-2] ERROR testCases.TC_001_AccountRegistrationTest - test failed
17:06:44.461 [TestNG-tests-2] INFO  testCases.TC_001_AccountRegistrationTest - ***  Finished TC_001_AccountRegistrationTest ***
17:06:44.550 [TestNG-tests-3] INFO  testCases.TC_001_AccountRegistrationTest - Clicked on My account link
17:06:44.821 [TestNG-tests-3] INFO  testCases.TC_001_AccountRegistrationTest - Clicked on register link
17:06:44.822 [TestNG-tests-3] INFO  testCases.TC_001_AccountRegistrationTest - Providing customer data
17:06:44.954 [TestNG-tests-3] ERROR testCases.TC_001_AccountRegistrationTest - test failed
17:06:44.954 [TestNG-tests-3] INFO  testCases.TC_001_AccountRegistrationTest - ***  Finished TC_001_AccountRegistrationTest ***
17:10:23.644 [main] INFO  testCases.TC_001_AccountRegistrationTest - ***  Starting TC_001_AccountRegistrationTest ***
17:10:23.739 [main] INFO  testCases.TC_001_AccountRegistrationTest - Clicked on My account link
17:10:24.103 [main] INFO  testCases.TC_001_AccountRegistrationTest - Clicked on register link
17:10:24.106 [main] INFO  testCases.TC_001_AccountRegistrationTest - Providing customer data
17:10:25.571 [main] ERROR testCases.TC_001_AccountRegistrationTest - test failed
17:10:25.572 [main] INFO  testCases.TC_001_AccountRegistrationTest - ***  Finished TC_001_AccountRegistrationTest ***
17:10:57.460 [main] INFO  testCases.TC_001_AccountRegistrationTest - ***  Starting TC_001_AccountRegistrationTest ***
17:10:57.603 [main] INFO  testCases.TC_001_AccountRegistrationTest - Clicked on My account link
17:10:57.947 [main] INFO  testCases.TC_001_AccountRegistrationTest - Clicked on register link
17:10:57.949 [main] INFO  testCases.TC_001_AccountRegistrationTest - Providing customer data
17:10:59.465 [main] ERROR testCases.TC_001_AccountRegistrationTest - test failed
17:11:52.534 [main] INFO  testCases.TC_001_AccountRegistrationTest - ***  Starting TC_001_AccountRegistrationTest ***
17:11:52.652 [main] INFO  testCases.TC_001_AccountRegistrationTest - Clicked on My account link
17:11:52.953 [main] INFO  testCases.TC_001_AccountRegistrationTest - Clicked on register link
17:11:52.956 [main] INFO  testCases.TC_001_AccountRegistrationTest - Providing customer data
17:11:54.469 [main] ERROR testCases.TC_001_AccountRegistrationTest - test failed
18:49:23.679 [main] INFO  testCases.TC_001_AccountRegistrationTest - ***  Starting TC_001_AccountRegistrationTest ***
18:49:23.758 [main] INFO  testCases.TC_001_AccountRegistrationTest - Clicked on My account link
18:49:24.012 [main] INFO  testCases.TC_001_AccountRegistrationTest - Clicked on register link
18:49:24.014 [main] INFO  testCases.TC_001_AccountRegistrationTest - Providing customer data
18:49:25.482 [main] ERROR testCases.TC_001_AccountRegistrationTest - test failed
18:51:55.705 [main] INFO  testCases.TC_001_AccountRegistrationTest - ***  Starting TC_001_AccountRegistrationTest ***
18:51:55.820 [main] INFO  testCases.TC_001_AccountRegistrationTest - Clicked on My account link
18:51:56.135 [main] INFO  testCases.TC_001_AccountRegistrationTest - Clicked on register link
18:51:56.138 [main] INFO  testCases.TC_001_AccountRegistrationTest - Providing customer data
18:51:57.578 [main] ERROR testCases.TC_001_AccountRegistrationTest - test failed
18:57:47.081 [main] INFO  testCases.TC_001_AccountRegistrationTest - ***  Starting TC_001_AccountRegistrationTest ***
18:57:47.211 [main] INFO  testCases.TC_001_AccountRegistrationTest - Clicked on My account link
18:57:47.547 [main] INFO  testCases.TC_001_AccountRegistrationTest - Clicked on register link
18:57:47.549 [main] INFO  testCases.TC_001_AccountRegistrationTest - Providing customer data
18:57:48.980 [main] ERROR testCases.TC_001_AccountRegistrationTest - test failed
19:00:37.247 [main] INFO  testCases.TC_001_AccountRegistrationTest - ***  Starting TC_001_AccountRegistrationTest ***
19:00:37.344 [main] INFO  testCases.TC_001_AccountRegistrationTest - Clicked on My account link
19:00:37.657 [main] INFO  testCases.TC_001_AccountRegistrationTest - Clicked on register link
19:00:37.659 [main] INFO  testCases.TC_001_AccountRegistrationTest - Providing customer data
19:00:39.125 [main] ERROR testCases.TC_001_AccountRegistrationTest - test failed
00:22:09.398 [main] INFO  testCases.TC_002_LoginTest - Starting TC_002_LoginTest
00:25:18.288 [main] INFO  testCases.TC_002_LoginTest - Starting TC_002_LoginTest
00:27:28.182 [main] INFO  testCases.TC_002_LoginTest - Starting TC_002_LoginTest
00:27:28.889 [main] INFO  testCases.TC_002_LoginTest - entered password
01:24:31.300 [main] INFO  testCases.TC_003_LoginDDT - **** Starting TC_003_LoginDDT ****
01:24:32.029 [main] INFO  testCases.TC_003_LoginDDT - **** Starting TC_003_LoginDDT ****
01:24:32.636 [main] INFO  testCases.TC_003_LoginDDT - **** Starting TC_003_LoginDDT ****
01:24:33.220 [main] INFO  testCases.TC_003_LoginDDT - **** Starting TC_003_LoginDDT ****
01:24:33.797 [main] INFO  testCases.TC_003_LoginDDT - **** Starting TC_003_LoginDDT ****
01:26:01.014 [main] INFO  testCases.TC_003_LoginDDT - **** Starting TC_003_LoginDDT ****
01:26:01.737 [main] INFO  testCases.TC_003_LoginDDT - **** Starting TC_003_LoginDDT ****
01:26:02.287 [main] INFO  testCases.TC_003_LoginDDT - **** Starting TC_003_LoginDDT ****
01:26:02.883 [main] INFO  testCases.TC_003_LoginDDT - **** Starting TC_003_LoginDDT ****
01:26:03.466 [main] INFO  testCases.TC_003_LoginDDT - **** Starting TC_003_LoginDDT ****
02:08:23.362 [main] INFO  testCases.TC_003_LoginDDT - **** Starting TC_003_LoginDDT ****
02:08:24.108 [main] INFO  testCases.TC_003_LoginDDT - **** Starting TC_003_LoginDDT ****
02:08:24.660 [main] INFO  testCases.TC_003_LoginDDT - **** Starting TC_003_LoginDDT ****
02:08:27.526 [main] INFO  testCases.TC_003_LoginDDT - **** Starting TC_003_LoginDDT ****
02:08:28.061 [main] INFO  testCases.TC_003_LoginDDT - **** Starting TC_003_LoginDDT ****
02:08:45.073 [main] INFO  testCases.TC_003_LoginDDT - **** Starting TC_003_LoginDDT ****
02:08:45.843 [main] INFO  testCases.TC_003_LoginDDT - **** Starting TC_003_LoginDDT ****
02:08:46.405 [main] INFO  testCases.TC_003_LoginDDT - **** Starting TC_003_LoginDDT ****
02:08:46.987 [main] INFO  testCases.TC_003_LoginDDT - **** Starting TC_003_LoginDDT ****
02:08:47.612 [main] INFO  testCases.TC_003_LoginDDT - **** Starting TC_003_LoginDDT ****
02:12:12.708 [main] INFO  testCases.TC_002_LoginTest - Starting TC_002_LoginTest
02:12:13.278 [main] INFO  testCases.TC_002_LoginTest - entered password
02:13:53.437 [main] INFO  testCases.TC_001_AccountRegistrationTest - ***  Starting TC_001_AccountRegistrationTest ***
02:13:53.527 [main] INFO  testCases.TC_001_AccountRegistrationTest - Clicked on My account link
02:13:53.833 [main] INFO  testCases.TC_001_AccountRegistrationTest - Clicked on register link
02:13:53.839 [main] INFO  testCases.TC_001_AccountRegistrationTest - Providing customer data
02:13:55.276 [main] ERROR testCases.TC_001_AccountRegistrationTest - test failed
02:13:56.855 [main] INFO  testCases.TC_002_LoginTest - Starting TC_002_LoginTest
02:13:57.399 [main] INFO  testCases.TC_002_LoginTest - entered password
02:19:53.969 [main] INFO  testCases.TC_001_AccountRegistrationTest - ***  Starting TC_001_AccountRegistrationTest ***
02:19:54.052 [main] INFO  testCases.TC_001_AccountRegistrationTest - Clicked on My account link
02:19:54.338 [main] INFO  testCases.TC_001_AccountRegistrationTest - Clicked on register link
02:19:54.341 [main] INFO  testCases.TC_001_AccountRegistrationTest - Providing customer data
02:19:55.769 [main] ERROR testCases.TC_001_AccountRegistrationTest - test failed
02:20:34.071 [main] INFO  testCases.TC_001_AccountRegistrationTest - ***  Starting TC_001_AccountRegistrationTest ***
02:20:34.152 [main] INFO  testCases.TC_001_AccountRegistrationTest - Clicked on My account link
02:20:34.418 [main] INFO  testCases.TC_001_AccountRegistrationTest - Clicked on register link
02:20:34.419 [main] INFO  testCases.TC_001_AccountRegistrationTest - Providing customer data
02:20:35.848 [main] ERROR testCases.TC_001_AccountRegistrationTest - test failed
02:20:38.023 [main] INFO  testCases.TC_002_LoginTest - Starting TC_002_LoginTest
02:20:38.541 [main] INFO  testCases.TC_002_LoginTest - entered password
02:21:11.349 [main] INFO  testCases.TC_002_LoginTest - Starting TC_002_LoginTest
02:21:11.876 [main] INFO  testCases.TC_002_LoginTest - entered password
02:21:13.360 [main] INFO  testCases.TC_001_AccountRegistrationTest - ***  Starting TC_001_AccountRegistrationTest ***
02:21:13.423 [main] INFO  testCases.TC_001_AccountRegistrationTest - Clicked on My account link
02:21:13.741 [main] INFO  testCases.TC_001_AccountRegistrationTest - Clicked on register link
02:21:13.744 [main] INFO  testCases.TC_001_AccountRegistrationTest - Providing customer data
02:21:15.184 [main] ERROR testCases.TC_001_AccountRegistrationTest - test failed
